f:\ds proj\data-structure-project\project2\project2\x64\debug\vc143.pdb
f:\ds proj\data-structure-project\project2\project2\x64\debug\.netframework,version=v4.7.2.assemblyattributes.obj
f:\ds proj\data-structure-project\project2\project2\x64\debug\withdrawform.obj
f:\ds proj\data-structure-project\project2\project2\x64\debug\user.obj
f:\ds proj\data-structure-project\project2\project2\x64\debug\transaction.obj
f:\ds proj\data-structure-project\project2\project2\x64\debug\operations.obj
f:\ds proj\data-structure-project\project2\project2\x64\debug\myform2h.obj
f:\ds proj\data-structure-project\project2\project2\x64\debug\myform.obj
f:\ds proj\data-structure-project\project2\project2\x64\debug\manageduser .obj
f:\ds proj\data-structure-project\project2\project2\x64\debug\linkedlist.obj
f:\ds proj\data-structure-project\project2\project2\x64\debug\homeform.obj
f:\ds proj\data-structure-project\project2\project2\x64\debug\depositform.obj
f:\ds proj\data-structure-project\project2\project2\x64\debug\customer.obj
f:\ds proj\data-structure-project\project2\project2\x64\debug\checkbalance.obj
f:\ds proj\data-structure-project\project2\project2\x64\debug\bankaccount.obj
f:\ds proj\data-structure-project\project2\project2\x64\debug\accountdetails.obj
f:\ds proj\data-structure-project\project2\x64\debug\project2.exe
f:\ds proj\data-structure-project\project2\x64\debug\project2.pdb
f:\ds proj\data-structure-project\project2\project2\x64\debug\project2.tlog\cl.command.1.tlog
f:\ds proj\data-structure-project\project2\project2\x64\debug\project2.tlog\cl.items.tlog
f:\ds proj\data-structure-project\project2\project2\x64\debug\project2.tlog\cl.read.1.tlog
f:\ds proj\data-structure-project\project2\project2\x64\debug\project2.tlog\cl.write.1.tlog
f:\ds proj\data-structure-project\project2\project2\x64\debug\project2.tlog\link.command.1.tlog
f:\ds proj\data-structure-project\project2\project2\x64\debug\project2.tlog\link.read.1.tlog
f:\ds proj\data-structure-project\project2\project2\x64\debug\project2.tlog\link.write.1.tlog
f:\ds proj\data-structure-project\project2\project2\x64\debug\project2.tlog\metagen.read.1.tlog
f:\ds proj\data-structure-project\project2\project2\x64\debug\project2.tlog\metagen.write.1.tlog
f:\ds proj\data-structure-project\project2\project2\x64\debug\project2.tlog\resgen.command.1.tlog
f:\ds proj\data-structure-project\project2\project2\x64\debug\project2.tlog\resgen.read.1.tlog
f:\ds proj\data-structure-project\project2\project2\x64\debug\project2.tlog\resgen.write.1.tlog
